Arguments: 
  /usr/local/bin/node /usr/local/bin/yarn install

PATH: 
  /usr/local/bin:/usr/bin:/bin:/usr/sbin:/sbin

Yarn version: 
  1.21.1

Node version: 
  10.8.0

Platform: 
  darwin x64

Trace: 
  Error: https://glue-npm.globallogic.com/react-native-material-dropdown: no such package available
      at Request.params.callback [as _callback] (/usr/local/lib/node_modules/yarn/lib/cli.js:66947:18)
      at Request.self.callback (/usr/local/lib/node_modules/yarn/lib/cli.js:140665:22)
      at Request.emit (events.js:182:13)
      at Request.<anonymous> (/usr/local/lib/node_modules/yarn/lib/cli.js:141637:10)
      at Request.emit (events.js:182:13)
      at IncomingMessage.<anonymous> (/usr/local/lib/node_modules/yarn/lib/cli.js:141559:12)
      at Object.onceWrapper (events.js:273:13)
      at IncomingMessage.emit (events.js:187:15)
      at endReadableNT (_stream_readable.js:1081:12)
      at process._tickCallback (internal/process/next_tick.js:63:19)

npm manifest: 
  {
    "main": "node_modules/expo/AppEntry.js",
    "scripts": {
      "start": "expo start",
      "android": "expo start --android",
      "ios": "expo start --ios",
      "web": "expo start --web",
      "eject": "expo eject"
    },
    "dependencies": {
      "expo": "^35.0.0",
      "react": "16.8.3",
      "react-dom": "16.8.3",
      "react-native": "https://github.com/expo/react-native/archive/sdk-35.0.0.tar.gz",
      "react-native-gesture-handler": "~1.3.0",
      "react-native-material-dropdown": "^0.11.1",
      "react-native-modal-dropdown": "^0.7.0",
      "react-native-reanimated": "~1.2.0",
      "react-native-web": "^0.11.7",
      "react-navigation": "^4.0.10",
      "react-navigation-drawer": "^2.3.1",
      "react-navigation-stack": "^1.10.3"
    },
    "devDependencies": {
      "babel-preset-expo": "^7.1.0"
    },
    "private": true
  }

yarn manifest: 
  No manifest

Lockfile: 
  No lockfile
